Assuming unrestricted shared filesystem usage.
None
host: ryzen
Building DAG of jobs...
Using shell: /usr/bin/bash
Provided cores: 1 (use --cores to define parallelism)
Rules claiming more threads will be scaled down.
Conda environments: ignored
Job stats:
job                      count
---------------------  -------
summarise_shap_values       12
summary                      1
total                       13

Select jobs to execute...
Execute 1 jobs...
[Fri Jul  4 11:07:44 2025]
localrule summarise_shap_values:
    input: shap/models/SET1A_ZC3H4_INTS11_integrated/mean/splits/1/MLP_zc3h4_degron_PolII_promoter_shap_values.tsv, shap/degron_data/zc3h4_degron.tsv
    output: shap/models/SET1A_ZC3H4_INTS11_integrated/mean/MLP_zc3h4_degron_PolII_promoter_shap_summary.pdf, shap/models/SET1A_ZC3H4_INTS11_integrated/mean/MLP_zc3h4_degron_PolII_promoter_all_shap_summary.pdf, shap/models/SET1A_ZC3H4_INTS11_integrated/mean/MLP_zc3h4_degron_PolII_promoter_all_circle_shap_summary.pdf
    jobid: 17
    reason: Missing output files: shap/models/SET1A_ZC3H4_INTS11_integrated/mean/MLP_zc3h4_degron_PolII_promoter_all_shap_summary.pdf
    wildcards: combination=SET1A_ZC3H4_INTS11_integrated, metric=mean, degron=zc3h4_degron, mark=PolII, context=promoter
    resources: tmpdir=/tmp
Shell command: None
Select jobs to execute...
[Fri Jul  4 11:07:53 2025]
Finished jobid: 17 (Rule: summarise_shap_values)
1 of 13 steps (8%) done
Execute 1 jobs...
[Fri Jul  4 11:07:53 2025]
localrule summarise_shap_values:
    input: shap/models/SET1A_ZC3H4_INTS11_integrated/mean/splits/1/MLP_zc3h4_degron_PolII_gb_shap_values.tsv, shap/degron_data/zc3h4_degron.tsv
    output: shap/models/SET1A_ZC3H4_INTS11_integrated/mean/MLP_zc3h4_degron_PolII_gb_shap_summary.pdf, shap/models/SET1A_ZC3H4_INTS11_integrated/mean/MLP_zc3h4_degron_PolII_gb_all_shap_summary.pdf, shap/models/SET1A_ZC3H4_INTS11_integrated/mean/MLP_zc3h4_degron_PolII_gb_all_circle_shap_summary.pdf
    jobid: 5
    reason: Missing output files: shap/models/SET1A_ZC3H4_INTS11_integrated/mean/MLP_zc3h4_degron_PolII_gb_all_shap_summary.pdf
    wildcards: combination=SET1A_ZC3H4_INTS11_integrated, metric=mean, degron=zc3h4_degron, mark=PolII, context=gb
    resources: tmpdir=/tmp
Shell command: None
Select jobs to execute...
[Fri Jul  4 11:08:00 2025]
Finished jobid: 5 (Rule: summarise_shap_values)
2 of 13 steps (15%) done
Execute 1 jobs...
[Fri Jul  4 11:08:00 2025]
localrule summarise_shap_values:
    input: shap/models/SET1A_ZC3H4_INTS11_integrated/mean/splits/1/MLP_set1abzc3h4_degron_PolII_promoter_shap_values.tsv, shap/degron_data/set1abzc3h4_degron.tsv
    output: shap/models/SET1A_ZC3H4_INTS11_integrated/mean/MLP_set1abzc3h4_degron_PolII_promoter_shap_summary.pdf, shap/models/SET1A_ZC3H4_INTS11_integrated/mean/MLP_set1abzc3h4_degron_PolII_promoter_all_shap_summary.pdf, shap/models/SET1A_ZC3H4_INTS11_integrated/mean/MLP_set1abzc3h4_degron_PolII_promoter_all_circle_shap_summary.pdf
    jobid: 15
    reason: Missing output files: shap/models/SET1A_ZC3H4_INTS11_integrated/mean/MLP_set1abzc3h4_degron_PolII_promoter_all_shap_summary.pdf
    wildcards: combination=SET1A_ZC3H4_INTS11_integrated, metric=mean, degron=set1abzc3h4_degron, mark=PolII, context=promoter
    resources: tmpdir=/tmp
Shell command: None
Select jobs to execute...
[Fri Jul  4 11:08:08 2025]
Finished jobid: 15 (Rule: summarise_shap_values)
3 of 13 steps (23%) done
Execute 1 jobs...
[Fri Jul  4 11:08:08 2025]
localrule summarise_shap_values:
    input: shap/models/SET1A_ZC3H4_INTS11_integrated/mean/splits/1/MLP_set1abzc3h4_degron_PolII_gb_shap_values.tsv, shap/degron_data/set1abzc3h4_degron.tsv
    output: shap/models/SET1A_ZC3H4_INTS11_integrated/mean/MLP_set1abzc3h4_degron_PolII_gb_shap_summary.pdf, shap/models/SET1A_ZC3H4_INTS11_integrated/mean/MLP_set1abzc3h4_degron_PolII_gb_all_shap_summary.pdf, shap/models/SET1A_ZC3H4_INTS11_integrated/mean/MLP_set1abzc3h4_degron_PolII_gb_all_circle_shap_summary.pdf
    jobid: 3
    reason: Missing output files: shap/models/SET1A_ZC3H4_INTS11_integrated/mean/MLP_set1abzc3h4_degron_PolII_gb_all_shap_summary.pdf
    wildcards: combination=SET1A_ZC3H4_INTS11_integrated, metric=mean, degron=set1abzc3h4_degron, mark=PolII, context=gb
    resources: tmpdir=/tmp
Shell command: None
Select jobs to execute...
[Fri Jul  4 11:08:16 2025]
Finished jobid: 3 (Rule: summarise_shap_values)
4 of 13 steps (31%) done
Execute 1 jobs...
[Fri Jul  4 11:08:16 2025]
localrule summarise_shap_values:
    input: shap/models/SET1A_ZC3H4_INTS11_integrated/mean/splits/1/MLP_set1ab_degron_PolII_promoter_shap_values.tsv, shap/degron_data/set1ab_degron.tsv
    output: shap/models/SET1A_ZC3H4_INTS11_integrated/mean/MLP_set1ab_degron_PolII_promoter_shap_summary.pdf, shap/models/SET1A_ZC3H4_INTS11_integrated/mean/MLP_set1ab_degron_PolII_promoter_all_shap_summary.pdf, shap/models/SET1A_ZC3H4_INTS11_integrated/mean/MLP_set1ab_degron_PolII_promoter_all_circle_shap_summary.pdf
    jobid: 13
    reason: Missing output files: shap/models/SET1A_ZC3H4_INTS11_integrated/mean/MLP_set1ab_degron_PolII_promoter_all_shap_summary.pdf
    wildcards: combination=SET1A_ZC3H4_INTS11_integrated, metric=mean, degron=set1ab_degron, mark=PolII, context=promoter
    resources: tmpdir=/tmp
Shell command: None
Select jobs to execute...
[Fri Jul  4 11:08:23 2025]
Finished jobid: 13 (Rule: summarise_shap_values)
5 of 13 steps (38%) done
Execute 1 jobs...
[Fri Jul  4 11:08:23 2025]
localrule summarise_shap_values:
    input: shap/models/SET1A_ZC3H4_INTS11_integrated/mean/splits/1/MLP_set1ab_degron_PolII_gb_shap_values.tsv, shap/degron_data/set1ab_degron.tsv
    output: shap/models/SET1A_ZC3H4_INTS11_integrated/mean/MLP_set1ab_degron_PolII_gb_shap_summary.pdf, shap/models/SET1A_ZC3H4_INTS11_integrated/mean/MLP_set1ab_degron_PolII_gb_all_shap_summary.pdf, shap/models/SET1A_ZC3H4_INTS11_integrated/mean/MLP_set1ab_degron_PolII_gb_all_circle_shap_summary.pdf
    jobid: 1
    reason: Missing output files: shap/models/SET1A_ZC3H4_INTS11_integrated/mean/MLP_set1ab_degron_PolII_gb_all_shap_summary.pdf
    wildcards: combination=SET1A_ZC3H4_INTS11_integrated, metric=mean, degron=set1ab_degron, mark=PolII, context=gb
    resources: tmpdir=/tmp
Shell command: None
Select jobs to execute...
[Fri Jul  4 11:08:31 2025]
Finished jobid: 1 (Rule: summarise_shap_values)
6 of 13 steps (46%) done
Execute 1 jobs...
[Fri Jul  4 11:08:31 2025]
localrule summarise_shap_values:
    input: shap/models/SET1A_ZC3H4_INTS11_integrated/mean/splits/1/MLP_ints11_degron_PolII_promoter_shap_values.tsv, shap/degron_data/ints11_degron.tsv
    output: shap/models/SET1A_ZC3H4_INTS11_integrated/mean/MLP_ints11_degron_PolII_promoter_shap_summary.pdf, shap/models/SET1A_ZC3H4_INTS11_integrated/mean/MLP_ints11_degron_PolII_promoter_all_shap_summary.pdf, shap/models/SET1A_ZC3H4_INTS11_integrated/mean/MLP_ints11_degron_PolII_promoter_all_circle_shap_summary.pdf
    jobid: 23
    reason: Missing output files: shap/models/SET1A_ZC3H4_INTS11_integrated/mean/MLP_ints11_degron_PolII_promoter_all_shap_summary.pdf
    wildcards: combination=SET1A_ZC3H4_INTS11_integrated, metric=mean, degron=ints11_degron, mark=PolII, context=promoter
    resources: tmpdir=/tmp
Shell command: None
Select jobs to execute...
[Fri Jul  4 11:08:38 2025]
Finished jobid: 23 (Rule: summarise_shap_values)
7 of 13 steps (54%) done
Execute 1 jobs...
[Fri Jul  4 11:08:38 2025]
localrule summarise_shap_values:
    input: shap/models/SET1A_ZC3H4_INTS11_integrated/mean/splits/1/MLP_ints11_degron_PolII_gb_shap_values.tsv, shap/degron_data/ints11_degron.tsv
    output: shap/models/SET1A_ZC3H4_INTS11_integrated/mean/MLP_ints11_degron_PolII_gb_shap_summary.pdf, shap/models/SET1A_ZC3H4_INTS11_integrated/mean/MLP_ints11_degron_PolII_gb_all_shap_summary.pdf, shap/models/SET1A_ZC3H4_INTS11_integrated/mean/MLP_ints11_degron_PolII_gb_all_circle_shap_summary.pdf
    jobid: 11
    reason: Missing output files: shap/models/SET1A_ZC3H4_INTS11_integrated/mean/MLP_ints11_degron_PolII_gb_all_shap_summary.pdf
    wildcards: combination=SET1A_ZC3H4_INTS11_integrated, metric=mean, degron=ints11_degron, mark=PolII, context=gb
    resources: tmpdir=/tmp
Shell command: None
Select jobs to execute...
[Fri Jul  4 11:08:46 2025]
Finished jobid: 11 (Rule: summarise_shap_values)
8 of 13 steps (62%) done
Execute 1 jobs...
[Fri Jul  4 11:08:46 2025]
localrule summarise_shap_values:
    input: shap/models/SET1A_ZC3H4_INTS11_integrated/mean/splits/1/MLP_dpy30_degron_PolII_promoter_shap_values.tsv, shap/degron_data/dpy30_degron.tsv
    output: shap/models/SET1A_ZC3H4_INTS11_integrated/mean/MLP_dpy30_degron_PolII_promoter_shap_summary.pdf, shap/models/SET1A_ZC3H4_INTS11_integrated/mean/MLP_dpy30_degron_PolII_promoter_all_shap_summary.pdf, shap/models/SET1A_ZC3H4_INTS11_integrated/mean/MLP_dpy30_degron_PolII_promoter_all_circle_shap_summary.pdf
    jobid: 19
    reason: Missing output files: shap/models/SET1A_ZC3H4_INTS11_integrated/mean/MLP_dpy30_degron_PolII_promoter_all_shap_summary.pdf
    wildcards: combination=SET1A_ZC3H4_INTS11_integrated, metric=mean, degron=dpy30_degron, mark=PolII, context=promoter
    resources: tmpdir=/tmp
Shell command: None
Select jobs to execute...
[Fri Jul  4 11:08:54 2025]
Finished jobid: 19 (Rule: summarise_shap_values)
9 of 13 steps (69%) done
Execute 1 jobs...
[Fri Jul  4 11:08:54 2025]
localrule summarise_shap_values:
    input: shap/models/SET1A_ZC3H4_INTS11_integrated/mean/splits/1/MLP_dpy30_degron_PolII_gb_shap_values.tsv, shap/degron_data/dpy30_degron.tsv
    output: shap/models/SET1A_ZC3H4_INTS11_integrated/mean/MLP_dpy30_degron_PolII_gb_shap_summary.pdf, shap/models/SET1A_ZC3H4_INTS11_integrated/mean/MLP_dpy30_degron_PolII_gb_all_shap_summary.pdf, shap/models/SET1A_ZC3H4_INTS11_integrated/mean/MLP_dpy30_degron_PolII_gb_all_circle_shap_summary.pdf
    jobid: 7
    reason: Missing output files: shap/models/SET1A_ZC3H4_INTS11_integrated/mean/MLP_dpy30_degron_PolII_gb_all_shap_summary.pdf
    wildcards: combination=SET1A_ZC3H4_INTS11_integrated, metric=mean, degron=dpy30_degron, mark=PolII, context=gb
    resources: tmpdir=/tmp
Shell command: None
Select jobs to execute...
[Fri Jul  4 11:09:01 2025]
Finished jobid: 7 (Rule: summarise_shap_values)
10 of 13 steps (77%) done
Execute 1 jobs...
[Fri Jul  4 11:09:01 2025]
localrule summarise_shap_values:
    input: shap/models/SET1A_ZC3H4_INTS11_integrated/mean/splits/1/MLP_rbbp5_degron_PolII_gb_shap_values.tsv, shap/degron_data/rbbp5_degron.tsv
    output: shap/models/SET1A_ZC3H4_INTS11_integrated/mean/MLP_rbbp5_degron_PolII_gb_shap_summary.pdf, shap/models/SET1A_ZC3H4_INTS11_integrated/mean/MLP_rbbp5_degron_PolII_gb_all_shap_summary.pdf, shap/models/SET1A_ZC3H4_INTS11_integrated/mean/MLP_rbbp5_degron_PolII_gb_all_circle_shap_summary.pdf
    jobid: 9
    reason: Missing output files: shap/models/SET1A_ZC3H4_INTS11_integrated/mean/MLP_rbbp5_degron_PolII_gb_all_shap_summary.pdf
    wildcards: combination=SET1A_ZC3H4_INTS11_integrated, metric=mean, degron=rbbp5_degron, mark=PolII, context=gb
    resources: tmpdir=/tmp
Shell command: None
Select jobs to execute...
[Fri Jul  4 11:09:09 2025]
Finished jobid: 9 (Rule: summarise_shap_values)
11 of 13 steps (85%) done
Execute 1 jobs...
[Fri Jul  4 11:09:09 2025]
localrule summarise_shap_values:
    input: shap/models/SET1A_ZC3H4_INTS11_integrated/mean/splits/1/MLP_rbbp5_degron_PolII_promoter_shap_values.tsv, shap/degron_data/rbbp5_degron.tsv
    output: shap/models/SET1A_ZC3H4_INTS11_integrated/mean/MLP_rbbp5_degron_PolII_promoter_shap_summary.pdf, shap/models/SET1A_ZC3H4_INTS11_integrated/mean/MLP_rbbp5_degron_PolII_promoter_all_shap_summary.pdf, shap/models/SET1A_ZC3H4_INTS11_integrated/mean/MLP_rbbp5_degron_PolII_promoter_all_circle_shap_summary.pdf
    jobid: 21
    reason: Missing output files: shap/models/SET1A_ZC3H4_INTS11_integrated/mean/MLP_rbbp5_degron_PolII_promoter_all_shap_summary.pdf
    wildcards: combination=SET1A_ZC3H4_INTS11_integrated, metric=mean, degron=rbbp5_degron, mark=PolII, context=promoter
    resources: tmpdir=/tmp
Shell command: None
[Fri Jul  4 11:09:16 2025]
Finished jobid: 21 (Rule: summarise_shap_values)
12 of 13 steps (92%) done
Select jobs to execute...
Execute 1 jobs...
[Fri Jul  4 11:09:16 2025]
localrule summary:
    input: shap/models/SET1A_ZC3H4_INTS11_integrated/mean/MLP_set1ab_degron_PolII_gb_all_shap_summary.pdf, shap/models/SET1A_ZC3H4_INTS11_integrated/mean/MLP_set1abzc3h4_degron_PolII_gb_all_shap_summary.pdf, shap/models/SET1A_ZC3H4_INTS11_integrated/mean/MLP_zc3h4_degron_PolII_gb_all_shap_summary.pdf, shap/models/SET1A_ZC3H4_INTS11_integrated/mean/MLP_dpy30_degron_PolII_gb_all_shap_summary.pdf, shap/models/SET1A_ZC3H4_INTS11_integrated/mean/MLP_rbbp5_degron_PolII_gb_all_shap_summary.pdf, shap/models/SET1A_ZC3H4_INTS11_integrated/mean/MLP_ints11_degron_PolII_gb_all_shap_summary.pdf, shap/models/SET1A_ZC3H4_INTS11_integrated/mean/MLP_set1ab_degron_PolII_promoter_all_shap_summary.pdf, shap/models/SET1A_ZC3H4_INTS11_integrated/mean/MLP_set1abzc3h4_degron_PolII_promoter_all_shap_summary.pdf, shap/models/SET1A_ZC3H4_INTS11_integrated/mean/MLP_zc3h4_degron_PolII_promoter_all_shap_summary.pdf, shap/models/SET1A_ZC3H4_INTS11_integrated/mean/MLP_dpy30_degron_PolII_promoter_all_shap_summary.pdf, shap/models/SET1A_ZC3H4_INTS11_integrated/mean/MLP_rbbp5_degron_PolII_promoter_all_shap_summary.pdf, shap/models/SET1A_ZC3H4_INTS11_integrated/mean/MLP_ints11_degron_PolII_promoter_all_shap_summary.pdf
    jobid: 0
    reason: Input files updated by another job: shap/models/SET1A_ZC3H4_INTS11_integrated/mean/MLP_set1ab_degron_PolII_gb_all_shap_summary.pdf, shap/models/SET1A_ZC3H4_INTS11_integrated/mean/MLP_dpy30_degron_PolII_gb_all_shap_summary.pdf, shap/models/SET1A_ZC3H4_INTS11_integrated/mean/MLP_ints11_degron_PolII_promoter_all_shap_summary.pdf, shap/models/SET1A_ZC3H4_INTS11_integrated/mean/MLP_rbbp5_degron_PolII_gb_all_shap_summary.pdf, shap/models/SET1A_ZC3H4_INTS11_integrated/mean/MLP_set1ab_degron_PolII_promoter_all_shap_summary.pdf, shap/models/SET1A_ZC3H4_INTS11_integrated/mean/MLP_dpy30_degron_PolII_promoter_all_shap_summary.pdf, shap/models/SET1A_ZC3H4_INTS11_integrated/mean/MLP_zc3h4_degron_PolII_gb_all_shap_summary.pdf, shap/models/SET1A_ZC3H4_INTS11_integrated/mean/MLP_set1abzc3h4_degron_PolII_gb_all_shap_summary.pdf, shap/models/SET1A_ZC3H4_INTS11_integrated/mean/MLP_set1abzc3h4_degron_PolII_promoter_all_shap_summary.pdf, shap/models/SET1A_ZC3H4_INTS11_integrated/mean/MLP_rbbp5_degron_PolII_promoter_all_shap_summary.pdf, shap/models/SET1A_ZC3H4_INTS11_integrated/mean/MLP_zc3h4_degron_PolII_promoter_all_shap_summary.pdf, shap/models/SET1A_ZC3H4_INTS11_integrated/mean/MLP_ints11_degron_PolII_gb_all_shap_summary.pdf
    resources: tmpdir=/tmp
Shell command: None
[Fri Jul  4 11:09:16 2025]
Finished jobid: 0 (Rule: summary)
13 of 13 steps (100%) done
Complete log(s): /home/kashyap/Sync/papers/SHAP-revision/github/SHAP-analysis/.snakemake/log/2025-07-04T110744.132078.snakemake.log
