Assuming unrestricted shared filesystem usage.
None
host: ryzen
Building DAG of jobs...
Using shell: /usr/bin/bash
Provided cores: 1 (use --cores to define parallelism)
Rules claiming more threads will be scaled down.
Conda environments: ignored
Job stats:
job                         count
------------------------  -------
get_comparison_dataframe       12
get_promoter_gb_plot            6
promoter_gb_plot                1
total                          19

Select jobs to execute...
Execute 1 jobs...
[Fri Jul  4 11:13:58 2025]
localrule get_comparison_dataframe:
    input: shap/models/SET1A_ZC3H4_INTS11_integrated/mean/splits/1/torch_zc3h4_degron_PolII_promoter_shap_values.tsv, shap/models/SET1A_ZC3H4_INTS11_integrated/mean/splits/1/MLP_zc3h4_degron_PolII_promoter_shap_values.tsv, shap/models/SET1A_ZC3H4_INTS11_integrated/mean/splits/1/xgboost_zc3h4_degron_PolII_promoter_shap_values.tsv, shap/models/SET1A_ZC3H4_INTS11_integrated/mean/splits/1/linear_regression_zc3h4_degron_PolII_promoter_shap_values.tsv, shap/degron_data/zc3h4_degron.tsv
    output: shap/models/SET1A_ZC3H4_INTS11_integrated/mean/zc3h4_degron_PolII_promoter_comparison_mean.tsv.gz, shap/models/SET1A_ZC3H4_INTS11_integrated/mean/zc3h4_degron_PolII_promoter_comparison_median.tsv.gz
    jobid: 24
    reason: Missing output files: shap/models/SET1A_ZC3H4_INTS11_integrated/mean/zc3h4_degron_PolII_promoter_comparison_mean.tsv.gz
    wildcards: combination=SET1A_ZC3H4_INTS11_integrated, metric=mean, degron=zc3h4_degron, mark=PolII, context=promoter
    resources: tmpdir=/tmp
Shell command: None
Select jobs to execute...
[Fri Jul  4 11:14:05 2025]
Finished jobid: 24 (Rule: get_comparison_dataframe)
1 of 19 steps (5%) done
Execute 1 jobs...
[Fri Jul  4 11:14:05 2025]
localrule get_comparison_dataframe:
    input: shap/models/SET1A_ZC3H4_INTS11_integrated/mean/splits/1/torch_zc3h4_degron_PolII_gb_shap_values.tsv, shap/models/SET1A_ZC3H4_INTS11_integrated/mean/splits/1/MLP_zc3h4_degron_PolII_gb_shap_values.tsv, shap/models/SET1A_ZC3H4_INTS11_integrated/mean/splits/1/xgboost_zc3h4_degron_PolII_gb_shap_values.tsv, shap/models/SET1A_ZC3H4_INTS11_integrated/mean/splits/1/linear_regression_zc3h4_degron_PolII_gb_shap_values.tsv, shap/degron_data/zc3h4_degron.tsv
    output: shap/models/SET1A_ZC3H4_INTS11_integrated/mean/zc3h4_degron_PolII_gb_comparison_mean.tsv.gz, shap/models/SET1A_ZC3H4_INTS11_integrated/mean/zc3h4_degron_PolII_gb_comparison_median.tsv.gz
    jobid: 29
    reason: Missing output files: shap/models/SET1A_ZC3H4_INTS11_integrated/mean/zc3h4_degron_PolII_gb_comparison_median.tsv.gz
    wildcards: combination=SET1A_ZC3H4_INTS11_integrated, metric=mean, degron=zc3h4_degron, mark=PolII, context=gb
    resources: tmpdir=/tmp
Shell command: None
Select jobs to execute...
[Fri Jul  4 11:14:11 2025]
Finished jobid: 29 (Rule: get_comparison_dataframe)
2 of 19 steps (11%) done
Execute 1 jobs...
[Fri Jul  4 11:14:11 2025]
localrule get_comparison_dataframe:
    input: shap/models/SET1A_ZC3H4_INTS11_integrated/mean/splits/1/torch_set1abzc3h4_degron_PolII_promoter_shap_values.tsv, shap/models/SET1A_ZC3H4_INTS11_integrated/mean/splits/1/MLP_set1abzc3h4_degron_PolII_promoter_shap_values.tsv, shap/models/SET1A_ZC3H4_INTS11_integrated/mean/splits/1/xgboost_set1abzc3h4_degron_PolII_promoter_shap_values.tsv, shap/models/SET1A_ZC3H4_INTS11_integrated/mean/splits/1/linear_regression_set1abzc3h4_degron_PolII_promoter_shap_values.tsv, shap/degron_data/set1abzc3h4_degron.tsv
    output: shap/models/SET1A_ZC3H4_INTS11_integrated/mean/set1abzc3h4_degron_PolII_promoter_comparison_mean.tsv.gz, shap/models/SET1A_ZC3H4_INTS11_integrated/mean/set1abzc3h4_degron_PolII_promoter_comparison_median.tsv.gz
    jobid: 13
    reason: Missing output files: shap/models/SET1A_ZC3H4_INTS11_integrated/mean/set1abzc3h4_degron_PolII_promoter_comparison_mean.tsv.gz
    wildcards: combination=SET1A_ZC3H4_INTS11_integrated, metric=mean, degron=set1abzc3h4_degron, mark=PolII, context=promoter
    resources: tmpdir=/tmp
Shell command: None
Select jobs to execute...
[Fri Jul  4 11:14:17 2025]
Finished jobid: 13 (Rule: get_comparison_dataframe)
3 of 19 steps (16%) done
Execute 1 jobs...
[Fri Jul  4 11:14:17 2025]
localrule get_comparison_dataframe:
    input: shap/models/SET1A_ZC3H4_INTS11_integrated/mean/splits/1/torch_set1abzc3h4_degron_PolII_gb_shap_values.tsv, shap/models/SET1A_ZC3H4_INTS11_integrated/mean/splits/1/MLP_set1abzc3h4_degron_PolII_gb_shap_values.tsv, shap/models/SET1A_ZC3H4_INTS11_integrated/mean/splits/1/xgboost_set1abzc3h4_degron_PolII_gb_shap_values.tsv, shap/models/SET1A_ZC3H4_INTS11_integrated/mean/splits/1/linear_regression_set1abzc3h4_degron_PolII_gb_shap_values.tsv, shap/degron_data/set1abzc3h4_degron.tsv
    output: shap/models/SET1A_ZC3H4_INTS11_integrated/mean/set1abzc3h4_degron_PolII_gb_comparison_mean.tsv.gz, shap/models/SET1A_ZC3H4_INTS11_integrated/mean/set1abzc3h4_degron_PolII_gb_comparison_median.tsv.gz
    jobid: 18
    reason: Missing output files: shap/models/SET1A_ZC3H4_INTS11_integrated/mean/set1abzc3h4_degron_PolII_gb_comparison_median.tsv.gz
    wildcards: combination=SET1A_ZC3H4_INTS11_integrated, metric=mean, degron=set1abzc3h4_degron, mark=PolII, context=gb
    resources: tmpdir=/tmp
Shell command: None
Select jobs to execute...
[Fri Jul  4 11:14:23 2025]
Finished jobid: 18 (Rule: get_comparison_dataframe)
4 of 19 steps (21%) done
Execute 1 jobs...
[Fri Jul  4 11:14:23 2025]
localrule get_comparison_dataframe:
    input: shap/models/SET1A_ZC3H4_INTS11_integrated/mean/splits/1/torch_set1ab_degron_PolII_promoter_shap_values.tsv, shap/models/SET1A_ZC3H4_INTS11_integrated/mean/splits/1/MLP_set1ab_degron_PolII_promoter_shap_values.tsv, shap/models/SET1A_ZC3H4_INTS11_integrated/mean/splits/1/xgboost_set1ab_degron_PolII_promoter_shap_values.tsv, shap/models/SET1A_ZC3H4_INTS11_integrated/mean/splits/1/linear_regression_set1ab_degron_PolII_promoter_shap_values.tsv, shap/degron_data/set1ab_degron.tsv
    output: shap/models/SET1A_ZC3H4_INTS11_integrated/mean/set1ab_degron_PolII_promoter_comparison_mean.tsv.gz, shap/models/SET1A_ZC3H4_INTS11_integrated/mean/set1ab_degron_PolII_promoter_comparison_median.tsv.gz
    jobid: 2
    reason: Missing output files: shap/models/SET1A_ZC3H4_INTS11_integrated/mean/set1ab_degron_PolII_promoter_comparison_mean.tsv.gz
    wildcards: combination=SET1A_ZC3H4_INTS11_integrated, metric=mean, degron=set1ab_degron, mark=PolII, context=promoter
    resources: tmpdir=/tmp
Shell command: None
Select jobs to execute...
[Fri Jul  4 11:14:29 2025]
Finished jobid: 2 (Rule: get_comparison_dataframe)
5 of 19 steps (26%) done
Execute 1 jobs...
[Fri Jul  4 11:14:29 2025]
localrule get_comparison_dataframe:
    input: shap/models/SET1A_ZC3H4_INTS11_integrated/mean/splits/1/torch_set1ab_degron_PolII_gb_shap_values.tsv, shap/models/SET1A_ZC3H4_INTS11_integrated/mean/splits/1/MLP_set1ab_degron_PolII_gb_shap_values.tsv, shap/models/SET1A_ZC3H4_INTS11_integrated/mean/splits/1/xgboost_set1ab_degron_PolII_gb_shap_values.tsv, shap/models/SET1A_ZC3H4_INTS11_integrated/mean/splits/1/linear_regression_set1ab_degron_PolII_gb_shap_values.tsv, shap/degron_data/set1ab_degron.tsv
    output: shap/models/SET1A_ZC3H4_INTS11_integrated/mean/set1ab_degron_PolII_gb_comparison_mean.tsv.gz, shap/models/SET1A_ZC3H4_INTS11_integrated/mean/set1ab_degron_PolII_gb_comparison_median.tsv.gz
    jobid: 7
    reason: Missing output files: shap/models/SET1A_ZC3H4_INTS11_integrated/mean/set1ab_degron_PolII_gb_comparison_median.tsv.gz
    wildcards: combination=SET1A_ZC3H4_INTS11_integrated, metric=mean, degron=set1ab_degron, mark=PolII, context=gb
    resources: tmpdir=/tmp
Shell command: None
Select jobs to execute...
[Fri Jul  4 11:14:35 2025]
Finished jobid: 7 (Rule: get_comparison_dataframe)
6 of 19 steps (32%) done
Execute 1 jobs...
[Fri Jul  4 11:14:35 2025]
localrule get_comparison_dataframe:
    input: shap/models/SET1A_ZC3H4_INTS11_integrated/mean/splits/1/torch_ints11_degron_PolII_promoter_shap_values.tsv, shap/models/SET1A_ZC3H4_INTS11_integrated/mean/splits/1/MLP_ints11_degron_PolII_promoter_shap_values.tsv, shap/models/SET1A_ZC3H4_INTS11_integrated/mean/splits/1/xgboost_ints11_degron_PolII_promoter_shap_values.tsv, shap/models/SET1A_ZC3H4_INTS11_integrated/mean/splits/1/linear_regression_ints11_degron_PolII_promoter_shap_values.tsv, shap/degron_data/ints11_degron.tsv
    output: shap/models/SET1A_ZC3H4_INTS11_integrated/mean/ints11_degron_PolII_promoter_comparison_mean.tsv.gz, shap/models/SET1A_ZC3H4_INTS11_integrated/mean/ints11_degron_PolII_promoter_comparison_median.tsv.gz
    jobid: 57
    reason: Missing output files: shap/models/SET1A_ZC3H4_INTS11_integrated/mean/ints11_degron_PolII_promoter_comparison_mean.tsv.gz
    wildcards: combination=SET1A_ZC3H4_INTS11_integrated, metric=mean, degron=ints11_degron, mark=PolII, context=promoter
    resources: tmpdir=/tmp
Shell command: None
Select jobs to execute...
[Fri Jul  4 11:14:41 2025]
Finished jobid: 57 (Rule: get_comparison_dataframe)
7 of 19 steps (37%) done
Execute 1 jobs...
[Fri Jul  4 11:14:41 2025]
localrule get_comparison_dataframe:
    input: shap/models/SET1A_ZC3H4_INTS11_integrated/mean/splits/1/torch_ints11_degron_PolII_gb_shap_values.tsv, shap/models/SET1A_ZC3H4_INTS11_integrated/mean/splits/1/MLP_ints11_degron_PolII_gb_shap_values.tsv, shap/models/SET1A_ZC3H4_INTS11_integrated/mean/splits/1/xgboost_ints11_degron_PolII_gb_shap_values.tsv, shap/models/SET1A_ZC3H4_INTS11_integrated/mean/splits/1/linear_regression_ints11_degron_PolII_gb_shap_values.tsv, shap/degron_data/ints11_degron.tsv
    output: shap/models/SET1A_ZC3H4_INTS11_integrated/mean/ints11_degron_PolII_gb_comparison_mean.tsv.gz, shap/models/SET1A_ZC3H4_INTS11_integrated/mean/ints11_degron_PolII_gb_comparison_median.tsv.gz
    jobid: 62
    reason: Missing output files: shap/models/SET1A_ZC3H4_INTS11_integrated/mean/ints11_degron_PolII_gb_comparison_median.tsv.gz
    wildcards: combination=SET1A_ZC3H4_INTS11_integrated, metric=mean, degron=ints11_degron, mark=PolII, context=gb
    resources: tmpdir=/tmp
Shell command: None
Select jobs to execute...
[Fri Jul  4 11:14:47 2025]
Finished jobid: 62 (Rule: get_comparison_dataframe)
8 of 19 steps (42%) done
Execute 1 jobs...
[Fri Jul  4 11:14:47 2025]
localrule get_comparison_dataframe:
    input: shap/models/SET1A_ZC3H4_INTS11_integrated/mean/splits/1/torch_dpy30_degron_PolII_promoter_shap_values.tsv, shap/models/SET1A_ZC3H4_INTS11_integrated/mean/splits/1/MLP_dpy30_degron_PolII_promoter_shap_values.tsv, shap/models/SET1A_ZC3H4_INTS11_integrated/mean/splits/1/xgboost_dpy30_degron_PolII_promoter_shap_values.tsv, shap/models/SET1A_ZC3H4_INTS11_integrated/mean/splits/1/linear_regression_dpy30_degron_PolII_promoter_shap_values.tsv, shap/degron_data/dpy30_degron.tsv
    output: shap/models/SET1A_ZC3H4_INTS11_integrated/mean/dpy30_degron_PolII_promoter_comparison_mean.tsv.gz, shap/models/SET1A_ZC3H4_INTS11_integrated/mean/dpy30_degron_PolII_promoter_comparison_median.tsv.gz
    jobid: 35
    reason: Missing output files: shap/models/SET1A_ZC3H4_INTS11_integrated/mean/dpy30_degron_PolII_promoter_comparison_mean.tsv.gz
    wildcards: combination=SET1A_ZC3H4_INTS11_integrated, metric=mean, degron=dpy30_degron, mark=PolII, context=promoter
    resources: tmpdir=/tmp
Shell command: None
Select jobs to execute...
[Fri Jul  4 11:14:53 2025]
Finished jobid: 35 (Rule: get_comparison_dataframe)
9 of 19 steps (47%) done
Execute 1 jobs...
[Fri Jul  4 11:14:53 2025]
localrule get_comparison_dataframe:
    input: shap/models/SET1A_ZC3H4_INTS11_integrated/mean/splits/1/torch_dpy30_degron_PolII_gb_shap_values.tsv, shap/models/SET1A_ZC3H4_INTS11_integrated/mean/splits/1/MLP_dpy30_degron_PolII_gb_shap_values.tsv, shap/models/SET1A_ZC3H4_INTS11_integrated/mean/splits/1/xgboost_dpy30_degron_PolII_gb_shap_values.tsv, shap/models/SET1A_ZC3H4_INTS11_integrated/mean/splits/1/linear_regression_dpy30_degron_PolII_gb_shap_values.tsv, shap/degron_data/dpy30_degron.tsv
    output: shap/models/SET1A_ZC3H4_INTS11_integrated/mean/dpy30_degron_PolII_gb_comparison_mean.tsv.gz, shap/models/SET1A_ZC3H4_INTS11_integrated/mean/dpy30_degron_PolII_gb_comparison_median.tsv.gz
    jobid: 40
    reason: Missing output files: shap/models/SET1A_ZC3H4_INTS11_integrated/mean/dpy30_degron_PolII_gb_comparison_median.tsv.gz
    wildcards: combination=SET1A_ZC3H4_INTS11_integrated, metric=mean, degron=dpy30_degron, mark=PolII, context=gb
    resources: tmpdir=/tmp
Shell command: None
Select jobs to execute...
[Fri Jul  4 11:14:58 2025]
Finished jobid: 40 (Rule: get_comparison_dataframe)
10 of 19 steps (53%) done
Execute 1 jobs...
[Fri Jul  4 11:14:58 2025]
localrule get_comparison_dataframe:
    input: shap/models/SET1A_ZC3H4_INTS11_integrated/mean/splits/1/torch_rbbp5_degron_PolII_promoter_shap_values.tsv, shap/models/SET1A_ZC3H4_INTS11_integrated/mean/splits/1/MLP_rbbp5_degron_PolII_promoter_shap_values.tsv, shap/models/SET1A_ZC3H4_INTS11_integrated/mean/splits/1/xgboost_rbbp5_degron_PolII_promoter_shap_values.tsv, shap/models/SET1A_ZC3H4_INTS11_integrated/mean/splits/1/linear_regression_rbbp5_degron_PolII_promoter_shap_values.tsv, shap/degron_data/rbbp5_degron.tsv
    output: shap/models/SET1A_ZC3H4_INTS11_integrated/mean/rbbp5_degron_PolII_promoter_comparison_mean.tsv.gz, shap/models/SET1A_ZC3H4_INTS11_integrated/mean/rbbp5_degron_PolII_promoter_comparison_median.tsv.gz
    jobid: 46
    reason: Missing output files: shap/models/SET1A_ZC3H4_INTS11_integrated/mean/rbbp5_degron_PolII_promoter_comparison_mean.tsv.gz
    wildcards: combination=SET1A_ZC3H4_INTS11_integrated, metric=mean, degron=rbbp5_degron, mark=PolII, context=promoter
    resources: tmpdir=/tmp
Shell command: None
Select jobs to execute...
[Fri Jul  4 11:15:04 2025]
Finished jobid: 46 (Rule: get_comparison_dataframe)
11 of 19 steps (58%) done
Execute 1 jobs...
[Fri Jul  4 11:15:04 2025]
localrule get_comparison_dataframe:
    input: shap/models/SET1A_ZC3H4_INTS11_integrated/mean/splits/1/torch_rbbp5_degron_PolII_gb_shap_values.tsv, shap/models/SET1A_ZC3H4_INTS11_integrated/mean/splits/1/MLP_rbbp5_degron_PolII_gb_shap_values.tsv, shap/models/SET1A_ZC3H4_INTS11_integrated/mean/splits/1/xgboost_rbbp5_degron_PolII_gb_shap_values.tsv, shap/models/SET1A_ZC3H4_INTS11_integrated/mean/splits/1/linear_regression_rbbp5_degron_PolII_gb_shap_values.tsv, shap/degron_data/rbbp5_degron.tsv
    output: shap/models/SET1A_ZC3H4_INTS11_integrated/mean/rbbp5_degron_PolII_gb_comparison_mean.tsv.gz, shap/models/SET1A_ZC3H4_INTS11_integrated/mean/rbbp5_degron_PolII_gb_comparison_median.tsv.gz
    jobid: 51
    reason: Missing output files: shap/models/SET1A_ZC3H4_INTS11_integrated/mean/rbbp5_degron_PolII_gb_comparison_median.tsv.gz
    wildcards: combination=SET1A_ZC3H4_INTS11_integrated, metric=mean, degron=rbbp5_degron, mark=PolII, context=gb
    resources: tmpdir=/tmp
Shell command: None
Select jobs to execute...
[Fri Jul  4 11:15:10 2025]
Finished jobid: 51 (Rule: get_comparison_dataframe)
12 of 19 steps (63%) done
Execute 1 jobs...
[Fri Jul  4 11:15:10 2025]
localrule get_promoter_gb_plot:
    input: shap/models/SET1A_ZC3H4_INTS11_integrated/mean/zc3h4_degron_PolII_promoter_comparison_mean.tsv.gz, shap/models/SET1A_ZC3H4_INTS11_integrated/mean/zc3h4_degron_PolII_gb_comparison_median.tsv.gz
    output: shap/models/SET1A_ZC3H4_INTS11_integrated/mean/promoter_gb_zc3h4_degron_PolII_plot.pdf, shap/models/SET1A_ZC3H4_INTS11_integrated/mean/promoter_gb_zc3h4_degron_PolII_barplot.pdf, shap/models/SET1A_ZC3H4_INTS11_integrated/mean/promoter_gb_zc3h4_degron_PolII_deepshap_barplot.pdf, shap/models/SET1A_ZC3H4_INTS11_integrated/mean/promoter_gb_zc3h4_degron_PolII_kernelshap_barplot.pdf, shap/models/SET1A_ZC3H4_INTS11_integrated/mean/promoter_gb_zc3h4_degron_PolII_treeshap_barplot.pdf, shap/models/SET1A_ZC3H4_INTS11_integrated/mean/promoter_gb_zc3h4_degron_PolII_linearshap_barplot.pdf
    jobid: 23
    reason: Missing output files: shap/models/SET1A_ZC3H4_INTS11_integrated/mean/promoter_gb_zc3h4_degron_PolII_plot.pdf; Input files updated by another job: shap/models/SET1A_ZC3H4_INTS11_integrated/mean/zc3h4_degron_PolII_promoter_comparison_mean.tsv.gz, shap/models/SET1A_ZC3H4_INTS11_integrated/mean/zc3h4_degron_PolII_gb_comparison_median.tsv.gz
    wildcards: combination=SET1A_ZC3H4_INTS11_integrated, metric=mean, degron=zc3h4_degron, mark=PolII
    resources: tmpdir=/tmp
Shell command: None
Select jobs to execute...
[Fri Jul  4 11:15:13 2025]
Finished jobid: 23 (Rule: get_promoter_gb_plot)
13 of 19 steps (68%) done
Execute 1 jobs...
[Fri Jul  4 11:15:13 2025]
localrule get_promoter_gb_plot:
    input: shap/models/SET1A_ZC3H4_INTS11_integrated/mean/set1abzc3h4_degron_PolII_promoter_comparison_mean.tsv.gz, shap/models/SET1A_ZC3H4_INTS11_integrated/mean/set1abzc3h4_degron_PolII_gb_comparison_median.tsv.gz
    output: shap/models/SET1A_ZC3H4_INTS11_integrated/mean/promoter_gb_set1abzc3h4_degron_PolII_plot.pdf, shap/models/SET1A_ZC3H4_INTS11_integrated/mean/promoter_gb_set1abzc3h4_degron_PolII_barplot.pdf, shap/models/SET1A_ZC3H4_INTS11_integrated/mean/promoter_gb_set1abzc3h4_degron_PolII_deepshap_barplot.pdf, shap/models/SET1A_ZC3H4_INTS11_integrated/mean/promoter_gb_set1abzc3h4_degron_PolII_kernelshap_barplot.pdf, shap/models/SET1A_ZC3H4_INTS11_integrated/mean/promoter_gb_set1abzc3h4_degron_PolII_treeshap_barplot.pdf, shap/models/SET1A_ZC3H4_INTS11_integrated/mean/promoter_gb_set1abzc3h4_degron_PolII_linearshap_barplot.pdf
    jobid: 12
    reason: Missing output files: shap/models/SET1A_ZC3H4_INTS11_integrated/mean/promoter_gb_set1abzc3h4_degron_PolII_plot.pdf; Input files updated by another job: shap/models/SET1A_ZC3H4_INTS11_integrated/mean/set1abzc3h4_degron_PolII_gb_comparison_median.tsv.gz, shap/models/SET1A_ZC3H4_INTS11_integrated/mean/set1abzc3h4_degron_PolII_promoter_comparison_mean.tsv.gz
    wildcards: combination=SET1A_ZC3H4_INTS11_integrated, metric=mean, degron=set1abzc3h4_degron, mark=PolII
    resources: tmpdir=/tmp
Shell command: None
Select jobs to execute...
[Fri Jul  4 11:15:16 2025]
Finished jobid: 12 (Rule: get_promoter_gb_plot)
14 of 19 steps (74%) done
Execute 1 jobs...
[Fri Jul  4 11:15:16 2025]
localrule get_promoter_gb_plot:
    input: shap/models/SET1A_ZC3H4_INTS11_integrated/mean/ints11_degron_PolII_promoter_comparison_mean.tsv.gz, shap/models/SET1A_ZC3H4_INTS11_integrated/mean/ints11_degron_PolII_gb_comparison_median.tsv.gz
    output: shap/models/SET1A_ZC3H4_INTS11_integrated/mean/promoter_gb_ints11_degron_PolII_plot.pdf, shap/models/SET1A_ZC3H4_INTS11_integrated/mean/promoter_gb_ints11_degron_PolII_barplot.pdf, shap/models/SET1A_ZC3H4_INTS11_integrated/mean/promoter_gb_ints11_degron_PolII_deepshap_barplot.pdf, shap/models/SET1A_ZC3H4_INTS11_integrated/mean/promoter_gb_ints11_degron_PolII_kernelshap_barplot.pdf, shap/models/SET1A_ZC3H4_INTS11_integrated/mean/promoter_gb_ints11_degron_PolII_treeshap_barplot.pdf, shap/models/SET1A_ZC3H4_INTS11_integrated/mean/promoter_gb_ints11_degron_PolII_linearshap_barplot.pdf
    jobid: 56
    reason: Missing output files: shap/models/SET1A_ZC3H4_INTS11_integrated/mean/promoter_gb_ints11_degron_PolII_plot.pdf; Input files updated by another job: shap/models/SET1A_ZC3H4_INTS11_integrated/mean/ints11_degron_PolII_promoter_comparison_mean.tsv.gz, shap/models/SET1A_ZC3H4_INTS11_integrated/mean/ints11_degron_PolII_gb_comparison_median.tsv.gz
    wildcards: combination=SET1A_ZC3H4_INTS11_integrated, metric=mean, degron=ints11_degron, mark=PolII
    resources: tmpdir=/tmp
Shell command: None
Select jobs to execute...
[Fri Jul  4 11:15:19 2025]
Finished jobid: 56 (Rule: get_promoter_gb_plot)
15 of 19 steps (79%) done
Execute 1 jobs...
[Fri Jul  4 11:15:19 2025]
localrule get_promoter_gb_plot:
    input: shap/models/SET1A_ZC3H4_INTS11_integrated/mean/set1ab_degron_PolII_promoter_comparison_mean.tsv.gz, shap/models/SET1A_ZC3H4_INTS11_integrated/mean/set1ab_degron_PolII_gb_comparison_median.tsv.gz
    output: shap/models/SET1A_ZC3H4_INTS11_integrated/mean/promoter_gb_set1ab_degron_PolII_plot.pdf, shap/models/SET1A_ZC3H4_INTS11_integrated/mean/promoter_gb_set1ab_degron_PolII_barplot.pdf, shap/models/SET1A_ZC3H4_INTS11_integrated/mean/promoter_gb_set1ab_degron_PolII_deepshap_barplot.pdf, shap/models/SET1A_ZC3H4_INTS11_integrated/mean/promoter_gb_set1ab_degron_PolII_kernelshap_barplot.pdf, shap/models/SET1A_ZC3H4_INTS11_integrated/mean/promoter_gb_set1ab_degron_PolII_treeshap_barplot.pdf, shap/models/SET1A_ZC3H4_INTS11_integrated/mean/promoter_gb_set1ab_degron_PolII_linearshap_barplot.pdf
    jobid: 1
    reason: Missing output files: shap/models/SET1A_ZC3H4_INTS11_integrated/mean/promoter_gb_set1ab_degron_PolII_plot.pdf; Input files updated by another job: shap/models/SET1A_ZC3H4_INTS11_integrated/mean/set1ab_degron_PolII_gb_comparison_median.tsv.gz, shap/models/SET1A_ZC3H4_INTS11_integrated/mean/set1ab_degron_PolII_promoter_comparison_mean.tsv.gz
    wildcards: combination=SET1A_ZC3H4_INTS11_integrated, metric=mean, degron=set1ab_degron, mark=PolII
    resources: tmpdir=/tmp
Shell command: None
Select jobs to execute...
[Fri Jul  4 11:15:22 2025]
Finished jobid: 1 (Rule: get_promoter_gb_plot)
16 of 19 steps (84%) done
Execute 1 jobs...
[Fri Jul  4 11:15:22 2025]
localrule get_promoter_gb_plot:
    input: shap/models/SET1A_ZC3H4_INTS11_integrated/mean/rbbp5_degron_PolII_promoter_comparison_mean.tsv.gz, shap/models/SET1A_ZC3H4_INTS11_integrated/mean/rbbp5_degron_PolII_gb_comparison_median.tsv.gz
    output: shap/models/SET1A_ZC3H4_INTS11_integrated/mean/promoter_gb_rbbp5_degron_PolII_plot.pdf, shap/models/SET1A_ZC3H4_INTS11_integrated/mean/promoter_gb_rbbp5_degron_PolII_barplot.pdf, shap/models/SET1A_ZC3H4_INTS11_integrated/mean/promoter_gb_rbbp5_degron_PolII_deepshap_barplot.pdf, shap/models/SET1A_ZC3H4_INTS11_integrated/mean/promoter_gb_rbbp5_degron_PolII_kernelshap_barplot.pdf, shap/models/SET1A_ZC3H4_INTS11_integrated/mean/promoter_gb_rbbp5_degron_PolII_treeshap_barplot.pdf, shap/models/SET1A_ZC3H4_INTS11_integrated/mean/promoter_gb_rbbp5_degron_PolII_linearshap_barplot.pdf
    jobid: 45
    reason: Missing output files: shap/models/SET1A_ZC3H4_INTS11_integrated/mean/promoter_gb_rbbp5_degron_PolII_plot.pdf; Input files updated by another job: shap/models/SET1A_ZC3H4_INTS11_integrated/mean/rbbp5_degron_PolII_promoter_comparison_mean.tsv.gz, shap/models/SET1A_ZC3H4_INTS11_integrated/mean/rbbp5_degron_PolII_gb_comparison_median.tsv.gz
    wildcards: combination=SET1A_ZC3H4_INTS11_integrated, metric=mean, degron=rbbp5_degron, mark=PolII
    resources: tmpdir=/tmp
Shell command: None
Select jobs to execute...
[Fri Jul  4 11:15:25 2025]
Finished jobid: 45 (Rule: get_promoter_gb_plot)
17 of 19 steps (89%) done
Execute 1 jobs...
[Fri Jul  4 11:15:25 2025]
localrule get_promoter_gb_plot:
    input: shap/models/SET1A_ZC3H4_INTS11_integrated/mean/dpy30_degron_PolII_promoter_comparison_mean.tsv.gz, shap/models/SET1A_ZC3H4_INTS11_integrated/mean/dpy30_degron_PolII_gb_comparison_median.tsv.gz
    output: shap/models/SET1A_ZC3H4_INTS11_integrated/mean/promoter_gb_dpy30_degron_PolII_plot.pdf, shap/models/SET1A_ZC3H4_INTS11_integrated/mean/promoter_gb_dpy30_degron_PolII_barplot.pdf, shap/models/SET1A_ZC3H4_INTS11_integrated/mean/promoter_gb_dpy30_degron_PolII_deepshap_barplot.pdf, shap/models/SET1A_ZC3H4_INTS11_integrated/mean/promoter_gb_dpy30_degron_PolII_kernelshap_barplot.pdf, shap/models/SET1A_ZC3H4_INTS11_integrated/mean/promoter_gb_dpy30_degron_PolII_treeshap_barplot.pdf, shap/models/SET1A_ZC3H4_INTS11_integrated/mean/promoter_gb_dpy30_degron_PolII_linearshap_barplot.pdf
    jobid: 34
    reason: Missing output files: shap/models/SET1A_ZC3H4_INTS11_integrated/mean/promoter_gb_dpy30_degron_PolII_plot.pdf; Input files updated by another job: shap/models/SET1A_ZC3H4_INTS11_integrated/mean/dpy30_degron_PolII_gb_comparison_median.tsv.gz, shap/models/SET1A_ZC3H4_INTS11_integrated/mean/dpy30_degron_PolII_promoter_comparison_mean.tsv.gz
    wildcards: combination=SET1A_ZC3H4_INTS11_integrated, metric=mean, degron=dpy30_degron, mark=PolII
    resources: tmpdir=/tmp
Shell command: None
[Fri Jul  4 11:15:28 2025]
Finished jobid: 34 (Rule: get_promoter_gb_plot)
18 of 19 steps (95%) done
Select jobs to execute...
Execute 1 jobs...
[Fri Jul  4 11:15:28 2025]
localrule promoter_gb_plot:
    input: shap/models/SET1A_ZC3H4_INTS11_integrated/mean/promoter_gb_set1ab_degron_PolII_plot.pdf, shap/models/SET1A_ZC3H4_INTS11_integrated/mean/promoter_gb_set1abzc3h4_degron_PolII_plot.pdf, shap/models/SET1A_ZC3H4_INTS11_integrated/mean/promoter_gb_zc3h4_degron_PolII_plot.pdf, shap/models/SET1A_ZC3H4_INTS11_integrated/mean/promoter_gb_dpy30_degron_PolII_plot.pdf, shap/models/SET1A_ZC3H4_INTS11_integrated/mean/promoter_gb_rbbp5_degron_PolII_plot.pdf, shap/models/SET1A_ZC3H4_INTS11_integrated/mean/promoter_gb_ints11_degron_PolII_plot.pdf
    jobid: 0
    reason: Input files updated by another job: shap/models/SET1A_ZC3H4_INTS11_integrated/mean/promoter_gb_ints11_degron_PolII_plot.pdf, shap/models/SET1A_ZC3H4_INTS11_integrated/mean/promoter_gb_set1abzc3h4_degron_PolII_plot.pdf, shap/models/SET1A_ZC3H4_INTS11_integrated/mean/promoter_gb_rbbp5_degron_PolII_plot.pdf, shap/models/SET1A_ZC3H4_INTS11_integrated/mean/promoter_gb_set1ab_degron_PolII_plot.pdf, shap/models/SET1A_ZC3H4_INTS11_integrated/mean/promoter_gb_dpy30_degron_PolII_plot.pdf, shap/models/SET1A_ZC3H4_INTS11_integrated/mean/promoter_gb_zc3h4_degron_PolII_plot.pdf
    resources: tmpdir=/tmp
Shell command: None
[Fri Jul  4 11:15:28 2025]
Finished jobid: 0 (Rule: promoter_gb_plot)
19 of 19 steps (100%) done
Complete log(s): /home/kashyap/Sync/papers/SHAP-revision/github/SHAP-analysis/.snakemake/log/2025-07-04T111358.761450.snakemake.log
